


          SolidWorks Corporation - STEP Processor Error Log
          ______________________________________________________

                       STEP Post Processor
                       ___________________


STEP File Name: C:\Users\jjmcdo1\Desktop\SOLIDOODLE_2_COMPLETE\solidoodle-2_cpl_v2.stp


Surfaces successfully processed into a solid body.
STEP-in completed.
Error: Unable to create solid from trimmed surfaces.
STEP-in did not complete successfully.
Surfaces successfully processed into a solid body.
STEP-in completed.
Error: Unable to create solid from trimmed surfaces.
STEP-in did not complete successfully.
Surfaces successfully processed into a solid body.
STEP-in completed.
Error: Unable to create solid from trimmed surfaces.
STEP-in did not complete successfully.
#48: TRIMMED_CURVE: Forcing parameter scale to radians,		start: 178.323 end: 0
#61: TRIMMED_CURVE: Forcing parameter scale to radians,		start: 91.6767 end: 0
#86: TRIMMED_CURVE: Forcing parameter scale to radians,		start: 0 end: 91.6767
#99: TRIMMED_CURVE: Forcing parameter scale to radians,		start: 0 end: 178.323
#112: TRIMMED_CURVE: Forcing parameter scale to radians,		start: 0 end: 178.018
#125: TRIMMED_CURVE: Forcing parameter scale to radians,		start: 0 end: 91.9821
#150: TRIMMED_CURVE: Forcing parameter scale to radians,		start: 91.9821 end: 0
#163: TRIMMED_CURVE: Forcing parameter scale to radians,		start: 178.018 end: 0
#177: TRIMMED_CURVE: Forcing parameter scale to radians,		start: 0 end: 178.338
#190: TRIMMED_CURVE: Forcing parameter scale to radians,		start: 0 end: 91.6619
#215: TRIMMED_CURVE: Forcing parameter scale to radians,		start: 91.6619 end: 0
#228: TRIMMED_CURVE: Forcing parameter scale to radians,		start: 178.338 end: 0
#241: TRIMMED_CURVE: Forcing parameter scale to radians,		start: 178.805 end: 0
#254: TRIMMED_CURVE: Forcing parameter scale to radians,		start: 91.1951 end: 0
#279: TRIMMED_CURVE: Forcing parameter scale to radians,		start: 0 end: 91.1951
#292: TRIMMED_CURVE: Forcing parameter scale to radians,		start: 0 end: 178.805
#306: TRIMMED_CURVE: Forcing parameter scale to radians,		start: 179.871 end: 0
#343: TRIMMED_CURVE: Forcing parameter scale to radians,		start: 0 end: 179.871
#356: TRIMMED_CURVE: Forcing parameter scale to radians,		start: 0 end: 179.038
#369: TRIMMED_CURVE: Forcing parameter scale to radians,		start: 0 end: 90.9622
#394: TRIMMED_CURVE: Forcing parameter scale to radians,		start: 90.9622 end: 0
#407: TRIMMED_CURVE: Forcing parameter scale to radians,		start: 179.038 end: 0
#421: TRIMMED_CURVE: Forcing parameter scale to radians,		start: 0 end: 180
#434: TRIMMED_CURVE: Forcing parameter scale to radians,		start: 0 end: 180
#442: TRIMMED_CURVE: Forcing parameter scale to radians,		start: 180 end: 0
#455: TRIMMED_CURVE: Forcing parameter scale to radians,		start: 180 end: 0
